Using pre-set license
Built from '2021.3/staging' branch; Version is '2021.3.4f1 (cb45f9cae8b7) revision 13321721'; Using compiler version '192829333'; Build Type 'Release'
OS: 'Windows 11  (10.0.22631) 64bit Core' Language: 'en' Physical Memory: 32657 MB
BatchMode: 1, IsHumanControllingUs: 0, StartBugReporterOnCrash: 0, Is64bit: 1, IsPro: 1

COMMAND LINE ARGUMENTS:
C:\Program Files\Unity\Hub\Editor\2021.3.4f1\Editor\Unity.exe
-adb2
-batchMode
-noUpm
-name
AssetImportWorker3
-projectPath
C:/Users/billy/Desktop/Games-Middleware/PhysicsExample
-logFile
Logs/AssetImportWorker3.log
-srvPort
61261
Successfully changed project path to: C:/Users/billy/Desktop/Games-Middleware/PhysicsExample
C:/Users/billy/Desktop/Games-Middleware/PhysicsExample
[UnityMemory] Configuration Parameters - Can be set up in boot.config
    "memorysetup-bucket-allocator-granularity=16"
    "memorysetup-bucket-allocator-bucket-count=8"
    "memorysetup-bucket-allocator-block-size=33554432"
    "memorysetup-bucket-allocator-block-count=8"
    "memorysetup-main-allocator-block-size=16777216"
    "memorysetup-thread-allocator-block-size=16777216"
    "memorysetup-gfx-main-allocator-block-size=16777216"
    "memorysetup-gfx-thread-allocator-block-size=16777216"
    "memorysetup-cache-allocator-block-size=4194304"
    "memorysetup-typetree-allocator-block-size=2097152"
    "memorysetup-profiler-bucket-allocator-granularity=16"
    "memorysetup-profiler-bucket-allocator-bucket-count=8"
    "memorysetup-profiler-bucket-allocator-block-size=33554432"
    "memorysetup-profiler-bucket-allocator-block-count=8"
    "memorysetup-profiler-allocator-block-size=16777216"
    "memorysetup-profiler-editor-allocator-block-size=1048576"
    "memorysetup-temp-allocator-size-main=16777216"
    "memorysetup-job-temp-allocator-block-size=2097152"
    "memorysetup-job-temp-allocator-block-size-background=1048576"
    "memorysetup-job-temp-allocator-reduction-small-platforms=262144"
    "memorysetup-temp-allocator-size-background-worker=32768"
    "memorysetup-temp-allocator-size-job-worker=262144"
    "memorysetup-temp-allocator-size-preload-manager=33554432"
    "memorysetup-temp-allocator-size-nav-mesh-worker=65536"
    "memorysetup-temp-allocator-size-audio-worker=65536"
    "memorysetup-temp-allocator-size-cloud-worker=32768"
    "memorysetup-temp-allocator-size-gi-baking-worker=262144"
    "memorysetup-temp-allocator-size-gfx=262144"
Refreshing native plugins compatible for Editor in 53.35 ms, found 3 plugins.
Preloading 0 native plugins for Editor in 0.00 ms.
Initialize engine version: 2021.3.4f1 (cb45f9cae8b7)
[Subsystems] Discovering subsystems at path C:/Program Files/Unity/Hub/Editor/2021.3.4f1/Editor/Data/Resources/UnitySubsystems
[Subsystems] Discovering subsystems at path C:/Users/billy/Desktop/Games-Middleware/PhysicsExample/Assets
GfxDevice: creating device client; threaded=0; jobified=0
Direct3D:
    Version:  Direct3D 11.0 [level 11.1]
    Renderer: AMD Radeon RX 6950 XT (ID=0x73a5)
    Vendor:   ATI
    VRAM:     16311 MB
    Driver:   32.0.12019.1028
Initialize mono
Mono path[0] = 'C:/Program Files/Unity/Hub/Editor/2021.3.4f1/Editor/Data/Managed'
Mono path[1] = 'C:/Program Files/Unity/Hub/Editor/2021.3.4f1/Editor/Data/MonoBleedingEdge/lib/mono/unityjit-win32'
Mono config path = 'C:/Program Files/Unity/Hub/Editor/2021.3.4f1/Editor/Data/MonoBleedingEdge/etc'
Using monoOptions --debugger-agent=transport=dt_socket,embedding=1,server=y,suspend=n,address=127.0.0.1:56264
Begin MonoManager ReloadAssembly
Registering precompiled unity dll's ...
Register platform support module: C:/Program Files/Unity/Hub/Editor/2021.3.4f1/Editor/Data/PlaybackEngines/WindowsStandaloneSupport/UnityEditor.WindowsStandalone.Extensions.dll
Registered in 0.018224 seconds.
Native extension for WindowsStandalone target not found
Refreshing native plugins compatible for Editor in 51.33 ms, found 3 plugins.
Preloading 0 native plugins for Editor in 0.00 ms.
Mono: successfully reloaded assembly
- Completed reload, in  0.547 seconds
Domain Reload Profiling:
	ReloadAssembly (548ms)
		BeginReloadAssembly (97ms)
			ExecutionOrderSort (0ms)
			DisableScriptedObjects (0ms)
			BackupInstance (0ms)
			ReleaseScriptingObjects (0ms)
			CreateAndSetChildDomain (0ms)
		EndReloadAssembly (339ms)
			LoadAssemblies (91ms)
			RebuildTransferFunctionScriptingTraits (0ms)
			SetupTypeCache (74ms)
			ReleaseScriptCaches (0ms)
			RebuildScriptCaches (17ms)
			SetupLoadedEditorAssemblies (198ms)
				LogAssemblyErrors (0ms)
				InitializePlatformSupportModulesInManaged (9ms)
				SetLoadedEditorAssemblies (0ms)
				RefreshPlugins (51ms)
				BeforeProcessingInitializeOnLoad (1ms)
				ProcessInitializeOnLoadAttributes (101ms)
				ProcessInitializeOnLoadMethodAttributes (35ms)
				AfterProcessingInitializeOnLoad (0ms)
				EditorAssembliesLoaded (0ms)
			ExecutionOrderSort2 (0ms)
			AwakeInstancesAfterBackupRestoration (0ms)
Platform modules already initialized, skipping
Registering precompiled user dll's ...
Registered in 0.009784 seconds.
Begin MonoManager ReloadAssembly
Native extension for WindowsStandalone target not found
Refreshing native plugins compatible for Editor in 0.43 ms, found 3 plugins.
Preloading 0 native plugins for Editor in 0.00 ms.
Mono: successfully reloaded assembly
- Completed reload, in  1.041 seconds
Domain Reload Profiling:
	ReloadAssembly (1041ms)
		BeginReloadAssembly (121ms)
			ExecutionOrderSort (0ms)
			DisableScriptedObjects (4ms)
			BackupInstance (0ms)
			ReleaseScriptingObjects (0ms)
			CreateAndSetChildDomain (14ms)
		EndReloadAssembly (817ms)
			LoadAssemblies (105ms)
			RebuildTransferFunctionScriptingTraits (0ms)
			SetupTypeCache (177ms)
			ReleaseScriptCaches (0ms)
			RebuildScriptCaches (31ms)
			SetupLoadedEditorAssemblies (503ms)
				LogAssemblyErrors (0ms)
				InitializePlatformSupportModulesInManaged (8ms)
				SetLoadedEditorAssemblies (0ms)
				RefreshPlugins (0ms)
				BeforeProcessingInitializeOnLoad (94ms)
				ProcessInitializeOnLoadAttributes (366ms)
				ProcessInitializeOnLoadMethodAttributes (14ms)
				AfterProcessingInitializeOnLoad (20ms)
				EditorAssembliesLoaded (0ms)
			ExecutionOrderSort2 (0ms)
			AwakeInstancesAfterBackupRestoration (4ms)
Platform modules already initialized, skipping
========================================================================
Worker process is ready to serve import requests
Launched and connected shader compiler UnityShaderCompiler.exe after 0.06 seconds
Refreshing native plugins compatible for Editor in 0.42 ms, found 3 plugins.
Preloading 0 native plugins for Editor in 0.00 ms.
Unloading 3065 Unused Serialized files (Serialized files now loaded: 0)
Unloading 23 unused Assets / (55.2 KB). Loaded Objects now: 3526.
Memory consumption went from 108.4 MB to 108.3 MB.
Total: 2.563500 ms (FindLiveObjects: 0.186500 ms CreateObjectMapping: 0.064900 ms MarkObjects: 2.254000 ms  DeleteObjects: 0.057400 ms)

AssetImportParameters requested are different than current active one (requested -> active):
  custom:video-decoder-ogg-theora: a1e56fd34408186e4bbccfd4996cb3dc -> 
  custom:container-muxer-webm: aa71ff27fc2769a1b78a27578f13a17b -> 
  custom:container-demuxer-webm: 4f35f7cbe854078d1ac9338744f61a02 -> 
  custom:video-encoder-webm-vp8: eb34c28f22e8b96e1ab97ce403110664 -> 
  custom:audio-encoder-webm-vorbis: bf7c407c2cedff20999df2af8eb42d56 -> 
  custom:framework-win-MediaFoundation: 216162199b28c13a410421893ffa2e32 -> 
  custom:container-demuxer-ogg: 62fdf1f143b41e24485cea50d1cbac27 -> 
  custom:video-decoder-webm-vp8: 9c59270c3fd7afecdb556c50c9e8de78 -> 
  custom:audio-decoder-ogg-vorbis: bf7c407c2cedff20999df2af8eb42d56 -> 
========================================================================
Received Prepare
Registering precompiled user dll's ...
Registered in 0.017900 seconds.
Begin MonoManager ReloadAssembly
Native extension for WindowsStandalone target not found
Refreshing native plugins compatible for Editor in 0.50 ms, found 3 plugins.
Preloading 0 native plugins for Editor in 0.00 ms.
[ScriptCompilation] NOT recompiling all scripts because this is an import worker process. Reason to compile was: Define symbols changed
Mono: successfully reloaded assembly
- Completed reload, in  1.207 seconds
Domain Reload Profiling:
	ReloadAssembly (1208ms)
		BeginReloadAssembly (164ms)
			ExecutionOrderSort (0ms)
			DisableScriptedObjects (3ms)
			BackupInstance (0ms)
			ReleaseScriptingObjects (0ms)
			CreateAndSetChildDomain (32ms)
		EndReloadAssembly (946ms)
			LoadAssemblies (118ms)
			RebuildTransferFunctionScriptingTraits (0ms)
			SetupTypeCache (195ms)
			ReleaseScriptCaches (1ms)
			RebuildScriptCaches (30ms)
			SetupLoadedEditorAssemblies (595ms)
				LogAssemblyErrors (0ms)
				InitializePlatformSupportModulesInManaged (14ms)
				SetLoadedEditorAssemblies (0ms)
				RefreshPlugins (1ms)
				BeforeProcessingInitializeOnLoad (84ms)
				ProcessInitializeOnLoadAttributes (454ms)
				ProcessInitializeOnLoadMethodAttributes (14ms)
				AfterProcessingInitializeOnLoad (27ms)
				EditorAssembliesLoaded (0ms)
			ExecutionOrderSort2 (0ms)
			AwakeInstancesAfterBackupRestoration (6ms)
Platform modules already initialized, skipping
Refreshing native plugins compatible for Editor in 3.52 ms, found 3 plugins.
Preloading 0 native plugins for Editor in 0.00 ms.
Unloading 3191 Unused Serialized files (Serialized files now loaded: 0)
Unloading 55 unused Assets / (3.7 MB). Loaded Objects now: 3623.
Memory consumption went from 119.4 MB to 115.6 MB.
Total: 3.153600 ms (FindLiveObjects: 0.178300 ms CreateObjectMapping: 0.058900 ms MarkObjects: 2.199600 ms  DeleteObjects: 0.716100 ms)

AssetImportParameters requested are different than current active one (requested -> active):
  custom:video-decoder-ogg-theora: a1e56fd34408186e4bbccfd4996cb3dc -> 
  custom:container-muxer-webm: aa71ff27fc2769a1b78a27578f13a17b -> 
  custom:container-demuxer-webm: 4f35f7cbe854078d1ac9338744f61a02 -> 
  custom:video-encoder-webm-vp8: eb34c28f22e8b96e1ab97ce403110664 -> 
  custom:audio-encoder-webm-vorbis: bf7c407c2cedff20999df2af8eb42d56 -> 
  custom:framework-win-MediaFoundation: 216162199b28c13a410421893ffa2e32 -> 
  custom:container-demuxer-ogg: 62fdf1f143b41e24485cea50d1cbac27 -> 
  custom:video-decoder-webm-vp8: 9c59270c3fd7afecdb556c50c9e8de78 -> 
  custom:audio-decoder-ogg-vorbis: bf7c407c2cedff20999df2af8eb42d56 -> 
========================================================================
Received Import Request.
  Time since last request: 272229.805263 seconds.
  path: Assets/BallMaterials/Eight-ball Rack/Materials/ball_02.mat
  artifactKey: Guid(008b2e244a3ab25429f1b4e97e9d1b47) Importer(815301076,1909f56bfc062723c751e8b465ee728b)
Start importing Assets/BallMaterials/Eight-ball Rack/Materials/ball_02.mat using Guid(008b2e244a3ab25429f1b4e97e9d1b47) Importer(815301076,1909f56bfc062723c751e8b465ee728b)  -> (artifact id: '1774375cc6f829e90211fb72645b7446') in 0.285395 seconds 
========================================================================
Received Import Request.
  Time since last request: 0.000019 seconds.
  path: Assets/BallMaterials/Eight-ball Rack/Materials/ball_06.mat
  artifactKey: Guid(aaeab07ad22426f409d27594fd7309eb) Importer(815301076,1909f56bfc062723c751e8b465ee728b)
Start importing Assets/BallMaterials/Eight-ball Rack/Materials/ball_06.mat using Guid(aaeab07ad22426f409d27594fd7309eb) Importer(815301076,1909f56bfc062723c751e8b465ee728b)  -> (artifact id: 'dafd7326984b75f60f43391bf84982a3') in 0.014844 seconds 
========================================================================
Received Import Request.
  Time since last request: 0.000026 seconds.
  path: Assets/BallMaterials/Eight-ball Rack/Materials/ball_05.mat
  artifactKey: Guid(8a82c87ca7964d84f8ebceed54719093) Importer(815301076,1909f56bfc062723c751e8b465ee728b)
Start importing Assets/BallMaterials/Eight-ball Rack/Materials/ball_05.mat using Guid(8a82c87ca7964d84f8ebceed54719093) Importer(815301076,1909f56bfc062723c751e8b465ee728b)  -> (artifact id: '0dcf561690f5d48ecddefb0d4d946b33') in 0.014421 seconds 
========================================================================
Received Import Request.
  Time since last request: 0.000016 seconds.
  path: Assets/BallMaterials/Eight-ball Rack/Materials/ball_09.mat
  artifactKey: Guid(956055da02412824e88674422a89b713) Importer(815301076,1909f56bfc062723c751e8b465ee728b)
Start importing Assets/BallMaterials/Eight-ball Rack/Materials/ball_09.mat using Guid(956055da02412824e88674422a89b713) Importer(815301076,1909f56bfc062723c751e8b465ee728b)  -> (artifact id: 'cb918e59e8e3c87a5b8c24c05d0b2df1') in 0.013037 seconds 
========================================================================
Received Import Request.
  Time since last request: 0.000014 seconds.
  path: Assets/BallMaterials/Eight-ball Rack/Materials/ball_13.mat
  artifactKey: Guid(5171599413e8b4b48931b84e1c96c319) Importer(815301076,1909f56bfc062723c751e8b465ee728b)
Start importing Assets/BallMaterials/Eight-ball Rack/Materials/ball_13.mat using Guid(5171599413e8b4b48931b84e1c96c319) Importer(815301076,1909f56bfc062723c751e8b465ee728b)  -> (artifact id: '1797b125152bcb3f7b92f034bdbeb622') in 0.014419 seconds 
========================================================================
Received Import Request.
  Time since last request: 0.000016 seconds.
  path: Assets/BallMaterials/Eight-ball Rack/Materials/ball_12.mat
  artifactKey: Guid(0ba718e474df6734d89e7df81af50edb) Importer(815301076,1909f56bfc062723c751e8b465ee728b)
Start importing Assets/BallMaterials/Eight-ball Rack/Materials/ball_12.mat using Guid(0ba718e474df6734d89e7df81af50edb) Importer(815301076,1909f56bfc062723c751e8b465ee728b)  -> (artifact id: '5c06826927a1142c91fc0ac024f513b2') in 0.014946 seconds 
========================================================================
Received Import Request.
  Time since last request: 0.000019 seconds.
  path: Assets/BallMaterials/Eight-ball Rack/Materials/ball_15.mat
  artifactKey: Guid(d5af0329bd2ce4342a31fa94ba010759) Importer(815301076,1909f56bfc062723c751e8b465ee728b)
Start importing Assets/BallMaterials/Eight-ball Rack/Materials/ball_15.mat using Guid(d5af0329bd2ce4342a31fa94ba010759) Importer(815301076,1909f56bfc062723c751e8b465ee728b)  -> (artifact id: 'a673aea8f1954e5fd801c67e1f8645b7') in 0.015275 seconds 
========================================================================
Received Import Request.
  Time since last request: 0.000016 seconds.
  path: Assets/BallMaterials/Eight-ball Rack/Materials/ball_14.mat
  artifactKey: Guid(45cef844b54feed458acdcc03e5f0e9d) Importer(815301076,1909f56bfc062723c751e8b465ee728b)
Start importing Assets/BallMaterials/Eight-ball Rack/Materials/ball_14.mat using Guid(45cef844b54feed458acdcc03e5f0e9d) Importer(815301076,1909f56bfc062723c751e8b465ee728b)  -> (artifact id: '212dcf7fb8d78307bf14d3c60300b85c') in 0.016125 seconds 
========================================================================
Received Prepare
Registering precompiled user dll's ...
Registered in 0.009838 seconds.
Begin MonoManager ReloadAssembly
Native extension for WindowsStandalone target not found
Refreshing native plugins compatible for Editor in 0.80 ms, found 3 plugins.
Preloading 0 native plugins for Editor in 0.00 ms.
[ScriptCompilation] NOT recompiling all scripts because this is an import worker process. Reason to compile was: Define symbols changed
Mono: successfully reloaded assembly
- Completed reload, in  1.511 seconds
Domain Reload Profiling:
	ReloadAssembly (1512ms)
		BeginReloadAssembly (291ms)
			ExecutionOrderSort (0ms)
			DisableScriptedObjects (4ms)
			BackupInstance (0ms)
			ReleaseScriptingObjects (0ms)
			CreateAndSetChildDomain (39ms)
		EndReloadAssembly (1087ms)
			LoadAssemblies (239ms)
			RebuildTransferFunctionScriptingTraits (0ms)
			SetupTypeCache (244ms)
			ReleaseScriptCaches (1ms)
			RebuildScriptCaches (36ms)
			SetupLoadedEditorAssemblies (658ms)
				LogAssemblyErrors (0ms)
				InitializePlatformSupportModulesInManaged (19ms)
				SetLoadedEditorAssemblies (1ms)
				RefreshPlugins (1ms)
				BeforeProcessingInitializeOnLoad (97ms)
				ProcessInitializeOnLoadAttributes (496ms)
				ProcessInitializeOnLoadMethodAttributes (16ms)
				AfterProcessingInitializeOnLoad (29ms)
				EditorAssembliesLoaded (0ms)
			ExecutionOrderSort2 (0ms)
			AwakeInstancesAfterBackupRestoration (5ms)
Platform modules already initialized, skipping
Refreshing native plugins compatible for Editor in 3.32 ms, found 3 plugins.
Preloading 0 native plugins for Editor in 0.00 ms.
Unloading 3191 Unused Serialized files (Serialized files now loaded: 0)
Unloading 55 unused Assets / (3.7 MB). Loaded Objects now: 3665.
Memory consumption went from 124.0 MB to 120.2 MB.
Total: 4.128400 ms (FindLiveObjects: 0.345500 ms CreateObjectMapping: 0.262400 ms MarkObjects: 2.791400 ms  DeleteObjects: 0.728200 ms)

AssetImportParameters requested are different than current active one (requested -> active):
  custom:video-decoder-ogg-theora: a1e56fd34408186e4bbccfd4996cb3dc -> 
  custom:container-muxer-webm: aa71ff27fc2769a1b78a27578f13a17b -> 
  custom:container-demuxer-webm: 4f35f7cbe854078d1ac9338744f61a02 -> 
  custom:video-encoder-webm-vp8: eb34c28f22e8b96e1ab97ce403110664 -> 
  custom:audio-encoder-webm-vorbis: bf7c407c2cedff20999df2af8eb42d56 -> 
  custom:framework-win-MediaFoundation: 216162199b28c13a410421893ffa2e32 -> 
  custom:container-demuxer-ogg: 62fdf1f143b41e24485cea50d1cbac27 -> 
  custom:video-decoder-webm-vp8: 9c59270c3fd7afecdb556c50c9e8de78 -> 
  custom:audio-decoder-ogg-vorbis: bf7c407c2cedff20999df2af8eb42d56 -> 
========================================================================
Received Import Request.
  Time since last request: 57.920461 seconds.
  path: Assets/BallMaterials/Saritasa/Models/Sport_Balls/Basketball.prefab
  artifactKey: Guid(052f0d9a551166b458c44593c6566808) Importer(815301076,1909f56bfc062723c751e8b465ee728b)
Start importing Assets/BallMaterials/Saritasa/Models/Sport_Balls/Basketball.prefab using Guid(052f0d9a551166b458c44593c6566808) Importer(815301076,1909f56bfc062723c751e8b465ee728b)  -> (artifact id: '17172be08bf051a8039cb2702c4efa9c') in 0.270051 seconds 
========================================================================
Received Import Request.
  Time since last request: 0.000028 seconds.
  path: Assets/BallMaterials/Saritasa/Models/Sport_Balls/Soccer.prefab
  artifactKey: Guid(dc9c860c0461534488018ebede9b5f12) Importer(815301076,1909f56bfc062723c751e8b465ee728b)
Start importing Assets/BallMaterials/Saritasa/Models/Sport_Balls/Soccer.prefab using Guid(dc9c860c0461534488018ebede9b5f12) Importer(815301076,1909f56bfc062723c751e8b465ee728b)  -> (artifact id: '94c313ef31291cf80446dfcc369191a8') in 0.033000 seconds 
========================================================================
Received Import Request.
  Time since last request: 0.000033 seconds.
  path: Assets/BallMaterials/Saritasa/Models/Sport_Balls/Golf.prefab
  artifactKey: Guid(2fbb6c85cd0b18a409dfae33e4319200) Importer(815301076,1909f56bfc062723c751e8b465ee728b)
Start importing Assets/BallMaterials/Saritasa/Models/Sport_Balls/Golf.prefab using Guid(2fbb6c85cd0b18a409dfae33e4319200) Importer(815301076,1909f56bfc062723c751e8b465ee728b)  -> (artifact id: '81fa7de11e9ad37f2955ee2b5eca5553') in 0.025320 seconds 
========================================================================
Received Import Request.
  Time since last request: 0.000029 seconds.
  path: Assets/BallMaterials/Saritasa/Models/Sport_Balls/Volleyball.prefab
  artifactKey: Guid(3384463bb3a16c049bd57c0306467a4c) Importer(815301076,1909f56bfc062723c751e8b465ee728b)
Start importing Assets/BallMaterials/Saritasa/Models/Sport_Balls/Volleyball.prefab using Guid(3384463bb3a16c049bd57c0306467a4c) Importer(815301076,1909f56bfc062723c751e8b465ee728b)  -> (artifact id: '7f2d57d2675bc0743267d69b603597e5') in 0.024060 seconds 
========================================================================
Received Import Request.
  Time since last request: 0.000021 seconds.
  path: Assets/BallMaterials/Saritasa/Models/Sport_Balls/Volleyball.fbx
  artifactKey: Guid(eaf91f38db66fc6439ff7704ed985e6c) Importer(815301076,1909f56bfc062723c751e8b465ee728b)
Start importing Assets/BallMaterials/Saritasa/Models/Sport_Balls/Volleyball.fbx using Guid(eaf91f38db66fc6439ff7704ed985e6c) Importer(815301076,1909f56bfc062723c751e8b465ee728b)  -> (artifact id: '47989d53850eddb6922d5bf89ac95b7f') in 0.059323 seconds 
========================================================================
Received Import Request.
  Time since last request: 0.579622 seconds.
  path: Assets/BallMaterials/Saritasa/Models/Sport_Balls/Materials/Baseball_N.png
  artifactKey: Guid(b19b8778d6262ff458d41fe984e87910) Importer(815301076,1909f56bfc062723c751e8b465ee728b)
Start importing Assets/BallMaterials/Saritasa/Models/Sport_Balls/Materials/Baseball_N.png using Guid(b19b8778d6262ff458d41fe984e87910) Importer(815301076,1909f56bfc062723c751e8b465ee728b)  -> (artifact id: 'f4094bb34fbdc5f023f511afd9c2eb4d') in 0.027374 seconds 
========================================================================
Received Import Request.
  Time since last request: 0.000016 seconds.
  path: Assets/BallMaterials/Saritasa/Models/Sport_Balls/Materials/Volleyball_N.png
  artifactKey: Guid(8c701754b9aa40947bcc02abf14c0748) Importer(815301076,1909f56bfc062723c751e8b465ee728b)
Start importing Assets/BallMaterials/Saritasa/Models/Sport_Balls/Materials/Volleyball_N.png using Guid(8c701754b9aa40947bcc02abf14c0748) Importer(815301076,1909f56bfc062723c751e8b465ee728b)  -> (artifact id: '6003ece2e94c9bc35e8d00bd278dd04c') in 0.019401 seconds 
========================================================================
Received Import Request.
  Time since last request: 0.000022 seconds.
  path: Assets/BallMaterials/Saritasa/Models/Sport_Balls/Materials/Soccer_MAOS.png
  artifactKey: Guid(67e82db206f91584d871d1b222985a95) Importer(815301076,1909f56bfc062723c751e8b465ee728b)
Start importing Assets/BallMaterials/Saritasa/Models/Sport_Balls/Materials/Soccer_MAOS.png using Guid(67e82db206f91584d871d1b222985a95) Importer(815301076,1909f56bfc062723c751e8b465ee728b)  -> (artifact id: '26cead390c5f44e83802f136e9915988') in 0.018469 seconds 
========================================================================
Received Import Request.
  Time since last request: 0.000043 seconds.
  path: Assets/BallMaterials/Saritasa/Models/Sport_Balls/Materials/Football_MAOS.png
  artifactKey: Guid(9b02309951b5eb949939d356727c1a24) Importer(815301076,1909f56bfc062723c751e8b465ee728b)
Start importing Assets/BallMaterials/Saritasa/Models/Sport_Balls/Materials/Football_MAOS.png using Guid(9b02309951b5eb949939d356727c1a24) Importer(815301076,1909f56bfc062723c751e8b465ee728b)  -> (artifact id: '741d584d574fbd660ff9f28df2cd1c1b') in 0.018156 seconds 
========================================================================
Received Import Request.
  Time since last request: 0.000022 seconds.
  path: Assets/BallMaterials/Saritasa/Models/Sport_Balls/Materials/Volleyball_A.png
  artifactKey: Guid(d7526ee04e7dc644aa2c1f3582028c70) Importer(815301076,1909f56bfc062723c751e8b465ee728b)
Start importing Assets/BallMaterials/Saritasa/Models/Sport_Balls/Materials/Volleyball_A.png using Guid(d7526ee04e7dc644aa2c1f3582028c70) Importer(815301076,1909f56bfc062723c751e8b465ee728b)  -> (artifact id: 'd14648d04c5fbea999905b09fe58b706') in 0.015868 seconds 
Editor requested this worker to shutdown with reason: Scaling down because of idle timeout
AssetImportWorker is now disconnected from the server
Process exiting
Exiting without the bug reporter. Application will terminate with return code 0